<?xml version="1.0" encoding="UTF-8"?>
<testsuite xmlns:xsi="http://www.w3.org/2001/XMLSchema-instance" xsi:noNamespaceSchemaLocation="https://maven.apache.org/surefire/maven-surefire-plugin/xsd/surefire-test-report-3.0.xsd" version="3.0" name="se.linusTest.GridTest" time="0.0" tests="5" errors="0" skipped="0" failures="0">
  <properties>
[...]
</properties>
  <testcase name="testSetAliveIsAlive" classname="se.linusTest.GridTest" time="0.0"/>
  <testcase name="testAllDead" classname="se.linusTest.GridTest" time="0.0"/>
  <testcase name="testGetCols" classname="se.linusTest.GridTest" time="0.0"/>
  <testcase name="testGetRows" classname="se.linusTest.GridTest" time="0.0"/>
  <testcase name="testGetAliveSurrounding" classname="se.linusTest.GridTest" time="0.0"/>
</testsuite>